<?xml version="1.0" encoding="UTF-8"?>
<!-- Generated by org.testng.reporters.JUnitReportReporter -->
<testsuite skipped="0" hostname="HP" name="RelativeLocator" tests="1" failures="0" timestamp="19 Dec 2021 17:17:01 GMT" time="6.387" errors="0">
  <testcase name="test" time="6.387" classname="RelativeLocator"/>
</testsuite> <!-- RelativeLocator -->
