<?xml version="1.0" encoding="UTF-8"?>
<!-- Generated by org.testng.reporters.JUnitReportReporter -->
<testsuite skipped="0" hostname="HP" name="testcases.SearchFlight" tests="1" failures="0" timestamp="12 Feb 2022 17:32:15 GMT" time="39.703" errors="0">
  <testcase name="search_flight" time="39.703" classname="testcases.SearchFlight"/>
</testsuite> <!-- testcases.SearchFlight -->
