<?xml version="1.0" encoding="UTF-8"?>
<!-- Generated by org.testng.reporters.JUnitReportReporter -->
<testsuite skipped="0" hostname="HP" name="testcases.SearchFlight" tests="1" failures="0" timestamp="11 Feb 2022 07:33:13 GMT" time="134.538" errors="0">
  <testcase name="search_flight" time="134.538" classname="testcases.SearchFlight"/>
</testsuite> <!-- testcases.SearchFlight -->
